<?xml version="1.0" encoding="UTF-8"?>
<!-- Generated by org.testng.reporters.JUnitReportReporter -->
<testsuite skipped="0" hostname="basem-PC" name="Test_Cases.About_us" tests="1" failures="0" timestamp="2024-01-26T17:16:29 EET" time="23.882" errors="0">
  <testcase name="About_us" time="23.882" classname="Test_Cases.About_us"/>
</testsuite> <!-- Test_Cases.About_us -->
