<?xml version="1.0" encoding="UTF-8"?>
<!-- Generated by org.testng.reporters.JUnitReportReporter -->
<testsuite skipped="0" hostname="basem-PC" name="Test_Cases.Logout" tests="1" failures="0" timestamp="2024-01-26T17:16:29 EET" time="2.710" errors="0">
  <testcase name="Logout_test" time="2.710" classname="Test_Cases.Logout"/>
</testsuite> <!-- Test_Cases.Logout -->
