<?xml version="1.0" encoding="UTF-8"?>
<!-- Generated by org.testng.reporters.JUnitReportReporter -->
<testsuite skipped="0" hostname="basem-PC" name="Test_Cases.Login" tests="3" failures="0" timestamp="2024-01-26T17:16:29 EET" time="4.087" errors="0">
  <testcase name="TC_Login_With_Registered_Username_And_Correct_Password" time="3.104" classname="Test_Cases.Login"/>
  <testcase name="TC_Login_With_Wrong_Username_And_Password" time="0.724" classname="Test_Cases.Login"/>
  <testcase name="TC_Login_With_Empty_Data" time="0.259" classname="Test_Cases.Login"/>
</testsuite> <!-- Test_Cases.Login -->
